c:\projects\c++\spaceinvaders\sfmlframework\sfmlframework\release\vc142.pdb
c:\projects\c++\spaceinvaders\sfmlframework\sfmlframework\release\uimanager.obj
c:\projects\c++\spaceinvaders\sfmlframework\sfmlframework\release\textureloader.obj
c:\projects\c++\spaceinvaders\sfmlframework\sfmlframework\release\scoremanager.obj
c:\projects\c++\spaceinvaders\sfmlframework\sfmlframework\release\projectile.obj
c:\projects\c++\spaceinvaders\sfmlframework\sfmlframework\release\playerprojectile.obj
c:\projects\c++\spaceinvaders\sfmlframework\sfmlframework\release\player.obj
c:\projects\c++\spaceinvaders\sfmlframework\sfmlframework\release\main.obj
c:\projects\c++\spaceinvaders\sfmlframework\sfmlframework\release\levelmanager.obj
c:\projects\c++\spaceinvaders\sfmlframework\sfmlframework\release\gamesprite.obj
c:\projects\c++\spaceinvaders\sfmlframework\sfmlframework\release\game.obj
c:\projects\c++\spaceinvaders\sfmlframework\sfmlframework\release\enemyprojectile.obj
c:\projects\c++\spaceinvaders\sfmlframework\sfmlframework\release\enemymanager.obj
c:\projects\c++\spaceinvaders\sfmlframework\sfmlframework\release\enemy.obj
c:\projects\c++\spaceinvaders\sfmlframework\sfmlframework\release\basicenemy.obj
c:\projects\c++\spaceinvaders\sfmlframework\sfmlframework\release\background.obj
c:\projects\c++\spaceinvaders\sfmlframework\sfmlframework\release\audioloader.obj
c:\projects\c++\spaceinvaders\sfmlframework\sfmlframework\release\forestleveldata.obj
c:\projects\c++\spaceinvaders\sfmlframework\sfmlframework\release\leveldata.obj
c:\projects\c++\spaceinvaders\sfmlframework\sfmlframework\release\sfmlframework.ipdb
c:\projects\c++\spaceinvaders\sfmlframework\sfmlframework\release\sfmlframework.iobj
c:\projects\c++\spaceinvaders\sfmlframework\release\sfmlframework.pdb
c:\projects\c++\spaceinvaders\sfmlframework\sfmlframework\release\sfmlframework.tlog\cl.command.1.tlog
c:\projects\c++\spaceinvaders\sfmlframework\sfmlframework\release\sfmlframework.tlog\cl.read.1.tlog
c:\projects\c++\spaceinvaders\sfmlframework\sfmlframework\release\sfmlframework.tlog\cl.write.1.tlog
c:\projects\c++\spaceinvaders\sfmlframework\sfmlframework\release\sfmlframework.tlog\link.command.1.tlog
c:\projects\c++\spaceinvaders\sfmlframework\sfmlframework\release\sfmlframework.tlog\link.read.1.tlog
c:\projects\c++\spaceinvaders\sfmlframework\sfmlframework\release\sfmlframework.tlog\link.write.1.tlog
